<?xml version="1.0" encoding="UTF-8"?>
<testsuites>
  <testsuite name="fastlane.lanes">
    
    
    
      
      <testcase classname="fastlane.lanes" name="0: update_fastlane" time="3.086178">
        
      </testcase>
    
      
      <testcase classname="fastlane.lanes" name="1: changelog_from_git_commits" time="0.025156">
        
      </testcase>
    
      
      <testcase classname="fastlane.lanes" name="2: default_platform" time="0.001257">
        
      </testcase>
    
      
      <testcase classname="fastlane.lanes" name="3: flutter build apk --release --verbose --build-number 7" time="3.557837">
        
          <failure message="/Users/maverick/Documents/Kodesmil/kodesmil-mobile/android/vendor/bundle/ruby/2.6.0/gems/fastlane-2.138.0/fastlane/lib/fastlane/actions/actions_helper.rb:48:in `execute_action'&#10;/Users/maverick/Documents/Kodesmil/kodesmil-mobile/android/vendor/bundle/ruby/2.6.0/gems/fastlane-2.138.0/fastlane/lib/fastlane/fast_file.rb:218:in `sh'&#10;/Users/maverick/Documents/Kodesmil/kodesmil-mobile/android/vendor/bundle/ruby/2.6.0/gems/fastlane-2.138.0/fastlane/lib/fastlane/fast_file.rb:212:in `sh'&#10;Fastfile:47:in `block (3 levels) in parsing_binding'&#10;Fastfile:46:in `chdir'&#10;Fastfile:46:in `block (2 levels) in parsing_binding'&#10;/Users/maverick/Documents/Kodesmil/kodesmil-mobile/android/vendor/bundle/ruby/2.6.0/gems/fastlane-2.138.0/fastlane/lib/fastlane/lane.rb:33:in `call'&#10;/Users/maverick/Documents/Kodesmil/kodesmil-mobile/android/vendor/bundle/ruby/2.6.0/gems/fastlane-2.138.0/fastlane/lib/fastlane/runner.rb:49:in `block in execute'&#10;/Users/maverick/Documents/Kodesmil/kodesmil-mobile/android/vendor/bundle/ruby/2.6.0/gems/fastlane-2.138.0/fastlane/lib/fastlane/runner.rb:45:in `chdir'&#10;/Users/maverick/Documents/Kodesmil/kodesmil-mobile/android/vendor/bundle/ruby/2.6.0/gems/fastlane-2.138.0/fastlane/lib/fastlane/runner.rb:45:in `execute'&#10;/Users/maverick/Documents/Kodesmil/kodesmil-mobile/android/vendor/bundle/ruby/2.6.0/gems/fastlane-2.138.0/fastlane/lib/fastlane/lane_manager.rb:56:in `cruise_lane'&#10;/Users/maverick/Documents/Kodesmil/kodesmil-mobile/android/vendor/bundle/ruby/2.6.0/gems/fastlane-2.138.0/fastlane/lib/fastlane/command_line_handler.rb:36:in `handle'&#10;/Users/maverick/Documents/Kodesmil/kodesmil-mobile/android/vendor/bundle/ruby/2.6.0/gems/fastlane-2.138.0/fastlane/lib/fastlane/commands_generator.rb:108:in `block (2 levels) in run'&#10;/Users/maverick/Documents/Kodesmil/kodesmil-mobile/android/vendor/bundle/ruby/2.6.0/gems/commander-fastlane-4.4.6/lib/commander/command.rb:178:in `call'&#10;/Users/maverick/Documents/Kodesmil/kodesmil-mobile/android/vendor/bundle/ruby/2.6.0/gems/commander-fastlane-4.4.6/lib/commander/command.rb:153:in `run'&#10;/Users/maverick/Documents/Kodesmil/kodesmil-mobile/android/vendor/bundle/ruby/2.6.0/gems/commander-fastlane-4.4.6/lib/commander/runner.rb:476:in `run_active_command'&#10;/Users/maverick/Documents/Kodesmil/kodesmil-mobile/android/vendor/bundle/ruby/2.6.0/gems/fastlane-2.138.0/fastlane_core/lib/fastlane_core/ui/fastlane_runner.rb:76:in `run!'&#10;/Users/maverick/Documents/Kodesmil/kodesmil-mobile/android/vendor/bundle/ruby/2.6.0/gems/commander-fastlane-4.4.6/lib/commander/delegates.rb:15:in `run!'&#10;/Users/maverick/Documents/Kodesmil/kodesmil-mobile/android/vendor/bundle/ruby/2.6.0/gems/fastlane-2.138.0/fastlane/lib/fastlane/commands_generator.rb:349:in `run'&#10;/Users/maverick/Documents/Kodesmil/kodesmil-mobile/android/vendor/bundle/ruby/2.6.0/gems/fastlane-2.138.0/fastlane/lib/fastlane/commands_generator.rb:41:in `start'&#10;/Users/maverick/Documents/Kodesmil/kodesmil-mobile/android/vendor/bundle/ruby/2.6.0/gems/fastlane-2.138.0/fastlane/lib/fastlane/cli_tools_distributor.rb:119:in `take_off'&#10;/Users/maverick/Documents/Kodesmil/kodesmil-mobile/android/vendor/bundle/ruby/2.6.0/gems/fastlane-2.138.0/bin/fastlane:23:in `&lt;top (required)&gt;'&#10;/Users/maverick/Documents/Kodesmil/kodesmil-mobile/android/vendor/bundle/ruby/2.6.0/bin/fastlane:23:in `load'&#10;/Users/maverick/Documents/Kodesmil/kodesmil-mobile/android/vendor/bundle/ruby/2.6.0/bin/fastlane:23:in `&lt;top (required)&gt;'&#10;/Library/Ruby/Gems/2.6.0/gems/bundler-2.0.2/lib/bundler/cli/exec.rb:74:in `load'&#10;/Library/Ruby/Gems/2.6.0/gems/bundler-2.0.2/lib/bundler/cli/exec.rb:74:in `kernel_load'&#10;/Library/Ruby/Gems/2.6.0/gems/bundler-2.0.2/lib/bundler/cli/exec.rb:28:in `run'&#10;/Library/Ruby/Gems/2.6.0/gems/bundler-2.0.2/lib/bundler/cli.rb:465:in `exec'&#10;/Library/Ruby/Gems/2.6.0/gems/bundler-2.0.2/lib/bundler/vendor/thor/lib/thor/command.rb:27:in `run'&#10;/Library/Ruby/Gems/2.6.0/gems/bundler-2.0.2/lib/bundler/vendor/thor/lib/thor/invocation.rb:126:in `invoke_command'&#10;/Library/Ruby/Gems/2.6.0/gems/bundler-2.0.2/lib/bundler/vendor/thor/lib/thor.rb:387:in `dispatch'&#10;/Library/Ruby/Gems/2.6.0/gems/bundler-2.0.2/lib/bundler/cli.rb:27:in `dispatch'&#10;/Library/Ruby/Gems/2.6.0/gems/bundler-2.0.2/lib/bundler/vendor/thor/lib/thor/base.rb:466:in `start'&#10;/Library/Ruby/Gems/2.6.0/gems/bundler-2.0.2/lib/bundler/cli.rb:18:in `start'&#10;/Library/Ruby/Gems/2.6.0/gems/bundler-2.0.2/exe/bundle:30:in `block in &lt;top (required)&gt;'&#10;/Library/Ruby/Gems/2.6.0/gems/bundler-2.0.2/lib/bundler/friendly_errors.rb:124:in `with_friendly_errors'&#10;/Library/Ruby/Gems/2.6.0/gems/bundler-2.0.2/exe/bundle:22:in `&lt;top (required)&gt;'&#10;/usr/local/bin/bundle:23:in `load'&#10;/usr/local/bin/bundle:23:in `&lt;main&gt;'&#10;&#10;Exit status of command 'flutter build apk --release --verbose --build-number 7' was 1 instead of 0.&#10;[  +29 ms] executing: [/Users/maverick/Documents/Flutter/] git -c log.showSignature=false log -n 1 --pretty=format:%H&#10;[  +43 ms] Exit code 0 from: git -c log.showSignature=false log -n 1 --pretty=format:%H&#10;[        ] 18cd7a3601bcffb36fdf2f679f763b5e827c2e8e&#10;[        ] executing: [/Users/maverick/Documents/Flutter/] git describe --match v*.*.* --first-parent --long --tags&#10;[  +90 ms] Exit code 0 from: git describe --match v*.*.* --first-parent --long --tags&#10;[        ] v1.12.13+hotfix.6-0-g18cd7a360&#10;[   +7 ms] executing: [/Users/maverick/Documents/Flutter/] git rev-parse --abbrev-ref --symbolic @{u}&#10;[  +11 ms] Exit code 0 from: git rev-parse --abbrev-ref --symbolic @{u}&#10;[        ] origin/beta&#10;[        ] executing: [/Users/maverick/Documents/Flutter/] git ls-remote --get-url origin&#10;[  +11 ms] Exit code 0 from: git ls-remote --get-url origin&#10;[        ] git@github.com:flutter/flutter.git&#10;[  +58 ms] executing: [/Users/maverick/Documents/Flutter/] git rev-parse --abbrev-ref HEAD&#10;[  +15 ms] Exit code 0 from: git rev-parse --abbrev-ref HEAD&#10;[        ] beta&#10;[   +7 ms] executing: sw_vers -productName&#10;[  +19 ms] Exit code 0 from: sw_vers -productName&#10;[        ] Mac OS X&#10;[        ] executing: sw_vers -productVersion&#10;[  +15 ms] Exit code 0 from: sw_vers -productVersion&#10;[        ] 10.15.1&#10;[        ] executing: sw_vers -buildVersion&#10;[  +16 ms] Exit code 0 from: sw_vers -buildVersion&#10;[        ] 19B88&#10;[  +30 ms] Artifact Instance of 'AndroidMavenArtifacts' is not required, skipping update.&#10;[   +4 ms] Artifact Instance of 'AndroidInternalBuildArtifacts' is not required, skipping update.&#10;[        ] Artifact Instance of 'IOSEngineArtifacts' is not required, skipping update.&#10;[        ] Artifact Instance of 'FlutterWebSdk' is not required, skipping update.&#10;[   +3 ms] Artifact Instance of 'WindowsEngineArtifacts' is not required, skipping update.&#10;[        ] Artifact Instance of 'MacOSEngineArtifacts' is not required, skipping update.&#10;[        ] Artifact Instance of 'LinuxEngineArtifacts' is not required, skipping update.&#10;[        ] Artifact Instance of 'LinuxFuchsiaSDKArtifacts' is not required, skipping update.&#10;[        ] Artifact Instance of 'MacOSFuchsiaSDKArtifacts' is not required, skipping update.&#10;[        ] Artifact Instance of 'FlutterRunnerSDKArtifacts' is not required, skipping update.&#10;[        ] Artifact Instance of 'FlutterRunnerDebugSymbols' is not required, skipping update.&#10;[ +123 ms] Found plugin firebase_analytics at /Users/maverick/Documents/Flutter/.pub-cache/hosted/pub.dartlang.org/firebase_analytics-5.0.9/&#10;[   +8 ms] Found plugin firebase_core at /Users/maverick/Documents/Flutter/.pub-cache/hosted/pub.dartlang.org/firebase_core-0.4.3+1/&#10;[   +3 ms] Found plugin firebase_core_web at /Users/maverick/Documents/Flutter/.pub-cache/hosted/pub.dartlang.org/firebase_core_web-0.1.1+1/&#10;[   +2 ms] Found plugin firebase_crashlytics at /Users/maverick/Documents/Flutter/.pub-cache/hosted/pub.dartlang.org/firebase_crashlytics-0.1.2+4/&#10;[   +1 ms] Found plugin fit_kit at /Users/maverick/Documents/Flutter/.pub-cache/hosted/pub.dartlang.org/fit_kit-1.1.0/&#10;[  +51 ms] Found plugin path_provider at /Users/maverick/Documents/Flutter/.pub-cache/hosted/pub.dartlang.org/path_provider-1.5.1/&#10;[   +2 ms] Found plugin permission_handler at /Users/maverick/Documents/Flutter/.pub-cache/hosted/pub.dartlang.org/permission_handler-3.3.0/&#10;[  +10 ms] Found plugin shared_preferences at /Users/maverick/Documents/Flutter/.pub-cache/hosted/pub.dartlang.org/shared_preferences-0.5.6/&#10;[   +1 ms] Found plugin shared_preferences_macos at /Users/maverick/Documents/Flutter/.pub-cache/hosted/pub.dartlang.org/shared_preferences_macos-0.0.1+3/&#10;[   +3 ms] Found plugin shared_preferences_web at /Users/maverick/Documents/Flutter/.pub-cache/hosted/pub.dartlang.org/shared_preferences_web-0.1.2+2/&#10;[  +69 ms] Found plugin firebase_analytics at /Users/maverick/Documents/Flutter/.pub-cache/hosted/pub.dartlang.org/firebase_analytics-5.0.9/&#10;[        ] Found plugin firebase_core at /Users/maverick/Documents/Flutter/.pub-cache/hosted/pub.dartlang.org/firebase_core-0.4.3+1/&#10;[   +1 ms] Found plugin firebase_core_web at /Users/maverick/Documents/Flutter/.pub-cache/hosted/pub.dartlang.org/firebase_core_web-0.1.1+1/&#10;[        ] Found plugin firebase_crashlytics at /Users/maverick/Documents/Flutter/.pub-cache/hosted/pub.dartlang.org/firebase_crashlytics-0.1.2+4/&#10;[        ] Found plugin fit_kit at /Users/maverick/Documents/Flutter/.pub-cache/hosted/pub.dartlang.org/fit_kit-1.1.0/&#10;[  +17 ms] Found plugin path_provider at /Users/maverick/Documents/Flutter/.pub-cache/hosted/pub.dartlang.org/path_provider-1.5.1/&#10;[   +1 ms] Found plugin permission_handler at /Users/maverick/Documents/Flutter/.pub-cache/hosted/pub.dartlang.org/permission_handler-3.3.0/&#10;[   +5 ms] Found plugin shared_preferences at /Users/maverick/Documents/Flutter/.pub-cache/hosted/pub.dartlang.org/shared_preferences-0.5.6/&#10;[        ] Found plugin shared_preferences_macos at /Users/maverick/Documents/Flutter/.pub-cache/hosted/pub.dartlang.org/shared_preferences_macos-0.0.1+3/&#10;[        ] Found plugin shared_preferences_web at /Users/maverick/Documents/Flutter/.pub-cache/hosted/pub.dartlang.org/shared_preferences_web-0.1.2+2/&#10;[  +58 ms] Generating /Users/maverick/Documents/Kodesmil/kodesmil-mobile/android/app/src/main/java/io/flutter/plugins/GeneratedPluginRegistrant.java&#10;[  +18 ms] executing: /usr/bin/xcodebuild -version&#10;[ +248 ms] Exit code 0 from: /usr/bin/xcodebuild -version&#10;[        ] Xcode 11.3&#10;           Build version 11C29&#10;[  +24 ms] You are building a fat APK that includes binaries for android-arm, android-arm64, android-x64.&#10;[        ] If you are deploying the app to the Play Store, it's recommended to use app bundles or split the APK to reduce the APK size.&#10;[        ]     To generate an app bundle, run:&#10;[        ]         flutter build appbundle --target-platform android-arm,android-arm64,android-x64&#10;[        ]         Learn more on: https://developer.android.com/guide/app-bundle&#10;[        ]     To split the APKs per ABI, run:&#10;[        ]         flutter build apk --target-platform android-arm,android-arm64,android-x64 --split-per-abi&#10;[        ]         Learn more on:  https://developer.android.com/studio/build/configure-apk-splits#configure-abi-split&#10;[  +20 ms] Running Gradle task 'assembleRelease'...&#10;[   +1 ms] gradle.properties already sets `android.enableR8`&#10;[   +2 ms] Using gradle from /Users/maverick/Documents/Kodesmil/kodesmil-mobile/android/gradlew.&#10;[ +184 ms] executing: /usr/bin/plutil -convert json -o - /Users/maverick/Applications/JetBrains Toolbox/Android Studio.app/Contents/Info.plist&#10;[  +10 ms] Exit code 0 from: /usr/bin/plutil -convert json -o - /Users/maverick/Applications/JetBrains Toolbox/Android Studio.app/Contents/Info.plist&#10;[        ] {&quot;NSUIElement&quot;:false,&quot;CFBundleIdentifier&quot;:&quot;com.jetbrains.apps.activator.linkapp.pcom.jetbrains.apps.activator__ndroid_tudio_3_5_3&quot;,&quot;CFBundleInfoDictionaryVersion&quot;:&quot;6.0&quot;,&quot;CFBundleLongVersionString&quot;:&quot;3.5.3&quot;,&quot;CFBundleVersion&quot;:&quot;3.5.3&quot;,&quot;CFBundleName&quot;:&quot;Android Studio 3.5.3&quot;,&quot;CFBundleExecutable&quot;:&quot;jetbrains-toolbox-launcher&quot;,&quot;CFBundleGetInfoString&quot;:&quot;&quot;,&quot;NSHighResolutionCapable&quot;:true,&quot;CFBundleSignature&quot;:&quot;????&quot;,&quot;LSUIElement&quot;:true,&quot;CFBundlePackageType&quot;:&quot;APPL&quot;,&quot;CFBundleIconFile&quot;:&quot;icon.icns&quot;,&quot;JetBrainsToolboxApp&quot;:&quot;\/Users\/maverick\/Library\/Application Support\/JetBrains\/Toolbox\/apps\/AndroidStudio\/ch-0\/191.6010548\/Android Studio.app&quot;,&quot;CFBundleDevelopmentRegion&quot;:&quot;English&quot;,&quot;NSHumanReadableCopyright&quot;:&quot;Copyright (c) JetBrains s.r.o.&quot;,&quot;CFBundleShortVersionString&quot;:&quot;3.5.3&quot;}&#10;[   +1 ms] executing: /usr/bin/plutil -convert json -o - /Users/maverick/Library/Application Support/JetBrains/Toolbox/apps/AndroidStudio/ch-0/191.6010548/Android Studio.app/Contents/Info.plist&#10;[   +7 ms] Exit code 0 from: /usr/bin/plutil -convert json -o - /Users/maverick/Library/Application Support/JetBrains/Toolbox/apps/AndroidStudio/ch-0/191.6010548/Android Studio.app/Contents/Info.plist&#10;[        ] {&quot;CFBundleName&quot;:&quot;Android Studio&quot;,&quot;JVMOptions&quot;:{&quot;ClassPath&quot;:&quot;$APP_PACKAGE\/Contents\/lib\/bootstrap.jar:$APP_PACKAGE\/Contents\/lib\/extensions.jar:$APP_PACKAGE\/Contents\/lib\/util.jar:$APP_PACKAGE\/Contents\/lib\/jdom.jar:$APP_PACKAGE\/Contents\/lib\/log4j.jar:$APP_PACKAGE\/Contents\/lib\/trove4j.jar:$APP_PACKAGE\/Contents\/lib\/jna.jar&quot;,&quot;JVMVersion&quot;:&quot;1.8*,1.8+&quot;,&quot;WorkingDirectory&quot;:&quot;$APP_PACKAGE\/Contents\/bin&quot;,&quot;MainClass&quot;:&quot;com.intellij.idea.Main&quot;,&quot;Properties&quot;:{&quot;idea.paths.selector&quot;:&quot;AndroidStudio3.5&quot;,&quot;idea.executable&quot;:&quot;studio&quot;,&quot;idea.platform.prefix&quot;:&quot;AndroidStudio&quot;,&quot;idea.home.path&quot;:&quot;$APP_PACKAGE\/Contents&quot;}},&quot;LSArchitecturePriority&quot;:[&quot;x86_64&quot;],&quot;CFBundleVersion&quot;:&quot;AI-191.8026.42.35.6010548&quot;,&quot;CFBundleDevelopmentRegion&quot;:&quot;English&quot;,&quot;CFBundleDocumentTypes&quot;:[{&quot;CFBundleTypeName&quot;:&quot;Android Studio Project File&quot;,&quot;CFBundleTypeExtensions&quot;:[&quot;ipr&quot;],&quot;CFBundleTypeRole&quot;:&quot;Editor&quot;,&quot;CFBundleTypeIconFile&quot;:&quot;studio.icns&quot;},{&quot;CFBundleTypeName&quot;:&quot;All documents&quot;,&quot;CFBundleTypeExtensions&quot;:[&quot;*&quot;],&quot;CFBundleTypeOSTypes&quot;:[&quot;****&quot;],&quot;CFBundleTypeRole&quot;:&quot;Editor&quot;,&quot;LSTypeIsPackage&quot;:false}],&quot;NSSupportsAutomaticGraphicsSwitching&quot;:true,&quot;CFBundlePackageType&quot;:&quot;APPL&quot;,&quot;CFBundleIconFile&quot;:&quot;studio.icns&quot;,&quot;NSHighResolutionCapable&quot;:true,&quot;CFBundleShortVersionString&quot;:&quot;3.5&quot;,&quot;CFBundleInfoDictionaryVersion&quot;:&quot;6.0&quot;,&quot;CFBundleExecutable&quot;:&quot;studio&quot;,&quot;LSRequiresNativeExecution&quot;:&quot;YES&quot;,&quot;CFBundleURLTypes&quot;:[{&quot;CFBundleTypeRole&quot;:&quot;Editor&quot;,&quot;CFBundleURLName&quot;:&quot;Stacktrace&quot;,&quot;CFBundleURLSchemes&quot;:[&quot;idea&quot;]}],&quot;CFBundleIdentifier&quot;:&quot;com.google.android.studio&quot;,&quot;LSApplicationCategoryType&quot;:&quot;public.app-category.developer-tools&quot;,&quot;CFBundleSignature&quot;:&quot;????&quot;,&quot;LSMinimumSystemVersion&quot;:&quot;10.8&quot;,&quot;CFBundleGetInfoString&quot;:&quot;Android Studio 3.5, build AI-191.8026.42.35.6010548. Copyright JetBrains s.r.o., (c) 2000-2019&quot;}&#10;[   +2 ms] executing: /Users/maverick/Library/Application Support/JetBrains/Toolbox/apps/AndroidStudio/ch-0/191.6010548/Android Studio.app/Contents/jre/jdk/Contents/Home/bin/java -version&#10;[  +76 ms] Exit code 0 from: /Users/maverick/Library/Application Support/JetBrains/Toolbox/apps/AndroidStudio/ch-0/191.6010548/Android Studio.app/Contents/jre/jdk/Contents/Home/bin/java -version&#10;[        ] openjdk version &quot;1.8.0_202-release&quot;&#10;           OpenJDK Runtime Environment (build 1.8.0_202-release-1483-b49-5587405)&#10;           OpenJDK 64-Bit Server VM (build 25.202-b49-5587405, mixed mode)&#10;[   +2 ms] executing: [/Users/maverick/Documents/Kodesmil/kodesmil-mobile/android/] /Users/maverick/Documents/Kodesmil/kodesmil-mobile/android/gradlew -Pverbose=true -Ptarget=lib/main.dart -Ptrack-widget-creation=true -Pshrink=true -Ptarget-platform=android-arm,android-arm64,android-x64 assembleRelease&#10;[+1171 ms] &gt; Configure project :app&#10;[        ] WARNING: DSL element 'useProguard' is obsolete and will be removed soon. Use 'android.enableR8' in gradle.properties to switch between R8 and Proguard..&#10;[  +37 ms] FAILURE: Build failed with an exception.&#10;[   +1 ms] * Where:&#10;[        ] Build file '/Users/maverick/Documents/Kodesmil/kodesmil-mobile/android/app/build.gradle' line: 74&#10;[        ] * What went wrong:&#10;[        ] A problem occurred evaluating project ':app'.&#10;[        ] &gt; Could not find method classpath() for arguments [com.android.tools.build:gradle:3.2.1] on object of type org.gradle.api.internal.artifacts.dsl.dependencies.DefaultDependencyHandler.&#10;[        ] * Try:&#10;[        ] Run with --stacktrace option to get the stack trace. Run with --info or --debug option to get more log output. Run with --scan to get full insights.&#10;[        ] * Get more help at https://help.gradle.org&#10;[        ] BUILD FAILED in 1s&#10;[ +366 ms] Running Gradle task 'assembleRelease'... (completed in 1.9s)&#10;[   +6 ms] &quot;flutter apk&quot; took 2,676ms.&#10;Gradle task assembleRelease failed with exit code 1&#10;&#10;#0      throwToolExit (package:flutter_tools/src/base/common.dart:28:3)&#10;#1      buildGradleApp (package:flutter_tools/src/android/gradle.dart:387:7)&#10;#2      _asyncThenWrapperHelper.&lt;anonymous closure&gt; (dart:async-patch/async_patch.dart:73:64)&#10;#3      _rootRunUnary (dart:async/zone.dart:1134:38)&#10;#4      _CustomZone.runUnary (dart:async/zone.dart:1031:19)&#10;#5      _FutureListener.handleValue (dart:async/future_impl.dart:139:18)&#10;#6      Future._propagateToListeners.handleValueCallback (dart:async/future_impl.dart:680:45)&#10;#7      Future._propagateToListeners (dart:async/future_impl.dart:709:32)&#10;#8      Future._completeWithValue (dart:async/future_impl.dart:524:5)&#10;#9      _AsyncAwaitCompleter.complete (dart:async-patch/async_patch.dart:32:15)&#10;#10     _completeOnAsyncReturn (dart:async-patch/async_patch.dart:290:13)&#10;#11     _DefaultProcessUtils.stream (package:flutter_tools/src/base/process.dart)&#10;#12     _asyncThenWrapperHelper.&lt;anonymous closure&gt; (dart:async-patch/async_patch.dart:73:64)&#10;#13     _rootRunUnary (dart:async/zone.dart:1134:38)&#10;#14     _CustomZone.runUnary (dart:async/zone.dart:1031:19)&#10;#15     _FutureListener.handleValue (dart:async/future_impl.dart:139:18)&#10;#16     Future._propagateToListeners.handleValueCallback (dart:async/future_impl.dart:680:45)&#10;#17     Future._propagateToListeners (dart:async/future_impl.dart:709:32)&#10;#18     Future._completeWithValue (dart:async/future_impl.dart:524:5)&#10;#19     Future._asyncComplete.&lt;anonymous closure&gt; (dart:async/future_impl.dart:554:7)&#10;#20     _rootRun (dart:async/zone.dart:1126:13)&#10;#21     _CustomZone.run (dart:async/zone.dart:1023:19)&#10;#22     _CustomZone.runGuarded (dart:async/zone.dart:925:7)&#10;#23     _CustomZone.bindCallbackGuarded.&lt;anonymous closure&gt; (dart:async/zone.dart:965:23)&#10;#24     _microtaskLoop (dart:async/schedule_microtask.dart:43:21)&#10;#25     _startMicrotaskLoop (dart:async/schedule_microtask.dart:52:5)&#10;#26     _runPendingImmediateCallback (dart:isolate-patch/isolate_patch.dart:118:13)&#10;#27     _RawReceivePortImpl._handleMessage (dart:isolate-patch/isolate_patch.dart:175:5)&#10;&#10;&#10;" />
        
      </testcase>
    
  </testsuite>
</testsuites>
